[13:49:37] [main/INFO]: Logging in with username & password
[13:49:42] [main/INFO]: Setting user: XDRosenheim
[13:49:44] [Client thread/INFO]: LWJGL Version: 2.9.1
[13:49:46] [Twitch authenticator/ERROR]: Given twitch access token is invalid
[13:49:57] [Client thread/INFO]: Reloading ResourceManager: Default, FMLFileResourcePack:Forge Mod Loader, FMLFileResourcePack:Minecraft Forge, FMLFileResourcePack:Tutorial Mod, FMLFileResourcePack:Example Mod
[13:49:58] [Sound Library Loader/INFO]: Sound engine started
[13:50:00] [Client thread/INFO]: Created: 16x16 textures/blocks-atlas
[13:50:00] [Client thread/INFO]: Created: 16x16 textures/items-atlas
[13:50:00] [Client thread/INFO]: Reloading ResourceManager: Default, FMLFileResourcePack:Forge Mod Loader, FMLFileResourcePack:Minecraft Forge, FMLFileResourcePack:Tutorial Mod, FMLFileResourcePack:Example Mod
[13:50:01] [Client thread/INFO]: Created: 512x256 textures/blocks-atlas
[13:50:01] [Client thread/INFO]: Created: 256x256 textures/items-atlas
[13:50:02] [Sound Library Loader/INFO]: Sound engine started
[13:51:22] [Client thread/INFO]: Stopping!
name & password
[13:51:26] [main/INFO]: Setting user: XDRosenheim
[13:51:28] [Client thread/INFO]: LWJGL Version: 2.9.1
[13:51:30] [Twitch authenticator/ERROR]: Given twitch access token is invalid
[13:51:40] [Client thread/INFO]: Reloading ResourceManager: Default, FMLFileResourcePack:Forge Mod Loader, FMLFileResourcePack:Minecraft Forge, FMLFileResourcePack:Tutorial Mod, FMLFileResourcePack:Example Mod
[13:51:41] [Sound Library Loader/INFO]: Sound engine started
[13:51:43] [Client thread/INFO]: Created: 16x16 textures/blocks-atlas
[13:51:43] [Client thread/INFO]: Created: 16x16 textures/items-atlas
[13:51:43] [Client thread/INFO]: Reloading ResourceManager: Default, FMLFileResourcePack:Forge Mod Loader, FMLFileResourcePack:Minecraft Forge, FMLFileResourcePack:Tutorial Mod, FMLFileResourcePack:Example Mod
[13:51:44] [Client thread/INFO]: Created: 512x256 textures/blocks-atlas
[13:51:44] [Client thread/INFO]: Created: 256x256 textures/items-atlas
[13:51:45] [Sound Library Loader/INFO]: Sound engine started
